  imgui.cpp
E:\YXK_WP\Git_WP\LittleOrionEngine\Libraries\include\imgui\imgui.cpp(2206,1): warning C4005: “va_copy”: 宏重定义
E:\YXK_WP\Git_WP\LittleOrionEngine\Libraries\include\imgui\imgui.cpp(2204): message : 参见“va_copy”的前一个定义
E:\YXK_WP\Git_WP\LittleOrionEngine\Libraries\include\imgui\imgui.cpp(16509,1): fatal error C1010: 在查找预编译头时遇到意外的文件结尾。是否忘记了向源中添加“#include "stdafx.h"”?
  imgui_demo.cpp
E:\YXK_WP\Git_WP\LittleOrionEngine\Libraries\include\imgui\imgui_demo.cpp(114,1): warning C4005: “IM_NEWLINE”: 宏重定义
E:\YXK_WP\Git_WP\LittleOrionEngine\Libraries\include\imgui\imgui_demo.cpp(112): message : 参见“IM_NEWLINE”的前一个定义
E:\YXK_WP\Git_WP\LittleOrionEngine\Libraries\include\imgui\imgui_demo.cpp(5299,1): fatal error C1010: 在查找预编译头时遇到意外的文件结尾。是否忘记了向源中添加“#include "stdafx.h"”?
  imgui_draw.cpp
E:\YXK_WP\Git_WP\LittleOrionEngine\Libraries\include\imgui\imgui_draw.cpp(128,10): error C2006: “#include”: 应为 "FILENAME" 或 <FILENAME>
E:\YXK_WP\Git_WP\LittleOrionEngine\Libraries\include\imgui\imgui_draw.cpp(151,10): error C2006: “#include”: 应为 "FILENAME" 或 <FILENAME>
E:\YXK_WP\Git_WP\LittleOrionEngine\Libraries\include\imgui\imgui_draw.cpp(3630,1): fatal error C1010: 在查找预编译头时遇到意外的文件结尾。是否忘记了向源中添加“#include "stdafx.h"”?
  imgui_impl_opengl3.cpp
E:\YXK_WP\Git_WP\LittleOrionEngine\Libraries\include\imgui\imgui_impl_opengl3.cpp(140,10): error C2006: “#include”: 应为 "FILENAME" 或 <FILENAME>
E:\YXK_WP\Git_WP\LittleOrionEngine\Libraries\include\imgui\imgui_impl_opengl3.cpp(148,1): warning C4005: “IMGUI_IMPL_OPENGL_MAY_HAVE_VTX_OFFSET”: 宏重定义
E:\YXK_WP\Git_WP\LittleOrionEngine\Libraries\include\imgui\imgui_impl_opengl3.cpp(146): message : 参见“IMGUI_IMPL_OPENGL_MAY_HAVE_VTX_OFFSET”的前一个定义
E:\YXK_WP\Git_WP\LittleOrionEngine\Libraries\include\imgui\imgui_impl_opengl3.cpp(733,1): fatal error C1010: 在查找预编译头时遇到意外的文件结尾。是否忘记了向源中添加“#include "stdafx.h"”?
  imgui_impl_sdl.cpp
E:\YXK_WP\Git_WP\LittleOrionEngine\Libraries\include\imgui\imgui_impl_sdl.cpp(717,1): fatal error C1010: 在查找预编译头时遇到意外的文件结尾。是否忘记了向源中添加“#include "stdafx.h"”?
  imgui_stdlib.cpp
E:\YXK_WP\Git_WP\LittleOrionEngine\Libraries\include\imgui\imgui_stdlib.cpp(77,1): fatal error C1010: 在查找预编译头时遇到意外的文件结尾。是否忘记了向源中添加“#include "stdafx.h"”?
  imgui_widgets.cpp
E:\YXK_WP\Git_WP\LittleOrionEngine\Libraries\include\imgui\imgui_widgets.cpp(7875,1): fatal error C1010: 在查找预编译头时遇到意外的文件结尾。是否忘记了向源中添加“#include "stdafx.h"”?
